  复制了 1 个文件
  复制了 1 个文件
  复制了 2 个文件
  复制了 1 个文件
  复制了 1 个文件
  复制了 1 个文件
  复制了 1 个文件
  复制了 2 个文件
  复制了 2 个文件
  复制了 2 个文件
  复制了 2 个文件
  复制了 2 个文件
  复制了 2 个文件
  复制了 6 个文件
  复制了 2 个文件
  复制了 1 个文件
  复制了 1 个文件
  复制了 1 个文件
  复制了 4 个文件
  复制了 2 个文件
libtiff.lib(tif_win32.obj) : warning LNK4075: 忽略“/EDITANDCONTINUE”(由于“/INCREMENTAL:NO”规范)
    正在创建库 D:\My_Projects\Teamfight_Tactics\proj.win32\Debug.win32\libcocos2d.lib 和对象 D:\My_Projects\Teamfight_Tactics\proj.win32\Debug.win32\libcocos2d.exp
LINK : warning LNK4098: 默认库“LIBCMT”与其他库的使用冲突；请使用 /NODEFAULTLIB:library
LINK : warning LNK4098: 默认库“MSVCRT”与其他库的使用冲突；请使用 /NODEFAULTLIB:library
libtiff.lib(tif_aux.obj) : warning LNK4099: 未找到 PDB“”(使用“libtiff.lib(tif_aux.obj)”或在“”中寻找)；正在链接对象，如同没有调试信息一样
libtiff.lib(tif_close.obj) : warning LNK4099: 未找到 PDB“”(使用“libtiff.lib(tif_close.obj)”或在“”中寻找)；正在链接对象，如同没有调试信息一样
libtiff.lib(tif_codec.obj) : warning LNK4099: 未找到 PDB“”(使用“libtiff.lib(tif_codec.obj)”或在“”中寻找)；正在链接对象，如同没有调试信息一样
libtiff.lib(tif_color.obj) : warning LNK4099: 未找到 PDB“”(使用“libtiff.lib(tif_color.obj)”或在“”中寻找)；正在链接对象，如同没有调试信息一样
libtiff.lib(tif_compress.obj) : warning LNK4099: 未找到 PDB“”(使用“libtiff.lib(tif_compress.obj)”或在“”中寻找)；正在链接对象，如同没有调试信息一样
libtiff.lib(tif_dir.obj) : warning LNK4099: 未找到 PDB“”(使用“libtiff.lib(tif_dir.obj)”或在“”中寻找)；正在链接对象，如同没有调试信息一样
libtiff.lib(tif_dirinfo.obj) : warning LNK4099: 未找到 PDB“”(使用“libtiff.lib(tif_dirinfo.obj)”或在“”中寻找)；正在链接对象，如同没有调试信息一样
libtiff.lib(tif_dirread.obj) : warning LNK4099: 未找到 PDB“”(使用“libtiff.lib(tif_dirread.obj)”或在“”中寻找)；正在链接对象，如同没有调试信息一样
libtiff.lib(tif_dirwrite.obj) : warning LNK4099: 未找到 PDB“”(使用“libtiff.lib(tif_dirwrite.obj)”或在“”中寻找)；正在链接对象，如同没有调试信息一样
libtiff.lib(tif_dumpmode.obj) : warning LNK4099: 未找到 PDB“”(使用“libtiff.lib(tif_dumpmode.obj)”或在“”中寻找)；正在链接对象，如同没有调试信息一样
libtiff.lib(tif_error.obj) : warning LNK4099: 未找到 PDB“”(使用“libtiff.lib(tif_error.obj)”或在“”中寻找)；正在链接对象，如同没有调试信息一样
libtiff.lib(tif_fax3.obj) : warning LNK4099: 未找到 PDB“”(使用“libtiff.lib(tif_fax3.obj)”或在“”中寻找)；正在链接对象，如同没有调试信息一样
libtiff.lib(tif_fax3sm.obj) : warning LNK4099: 未找到 PDB“”(使用“libtiff.lib(tif_fax3sm.obj)”或在“”中寻找)；正在链接对象，如同没有调试信息一样
libtiff.lib(tif_getimage.obj) : warning LNK4099: 未找到 PDB“”(使用“libtiff.lib(tif_getimage.obj)”或在“”中寻找)；正在链接对象，如同没有调试信息一样
libtiff.lib(tif_flush.obj) : warning LNK4099: 未找到 PDB“”(使用“libtiff.lib(tif_flush.obj)”或在“”中寻找)；正在链接对象，如同没有调试信息一样
libtiff.lib(tif_luv.obj) : warning LNK4099: 未找到 PDB“”(使用“libtiff.lib(tif_luv.obj)”或在“”中寻找)；正在链接对象，如同没有调试信息一样
libtiff.lib(tif_lzw.obj) : warning LNK4099: 未找到 PDB“”(使用“libtiff.lib(tif_lzw.obj)”或在“”中寻找)；正在链接对象，如同没有调试信息一样
libtiff.lib(tif_next.obj) : warning LNK4099: 未找到 PDB“”(使用“libtiff.lib(tif_next.obj)”或在“”中寻找)；正在链接对象，如同没有调试信息一样
libtiff.lib(tif_open.obj) : warning LNK4099: 未找到 PDB“”(使用“libtiff.lib(tif_open.obj)”或在“”中寻找)；正在链接对象，如同没有调试信息一样
libtiff.lib(tif_packbits.obj) : warning LNK4099: 未找到 PDB“”(使用“libtiff.lib(tif_packbits.obj)”或在“”中寻找)；正在链接对象，如同没有调试信息一样
libtiff.lib(tif_predict.obj) : warning LNK4099: 未找到 PDB“”(使用“libtiff.lib(tif_predict.obj)”或在“”中寻找)；正在链接对象，如同没有调试信息一样
libtiff.lib(tif_read.obj) : warning LNK4099: 未找到 PDB“”(使用“libtiff.lib(tif_read.obj)”或在“”中寻找)；正在链接对象，如同没有调试信息一样
libtiff.lib(tif_swab.obj) : warning LNK4099: 未找到 PDB“”(使用“libtiff.lib(tif_swab.obj)”或在“”中寻找)；正在链接对象，如同没有调试信息一样
libtiff.lib(tif_strip.obj) : warning LNK4099: 未找到 PDB“”(使用“libtiff.lib(tif_strip.obj)”或在“”中寻找)；正在链接对象，如同没有调试信息一样
libtiff.lib(tif_thunder.obj) : warning LNK4099: 未找到 PDB“”(使用“libtiff.lib(tif_thunder.obj)”或在“”中寻找)；正在链接对象，如同没有调试信息一样
libtiff.lib(tif_tile.obj) : warning LNK4099: 未找到 PDB“”(使用“libtiff.lib(tif_tile.obj)”或在“”中寻找)；正在链接对象，如同没有调试信息一样
libtiff.lib(tif_warning.obj) : warning LNK4099: 未找到 PDB“”(使用“libtiff.lib(tif_warning.obj)”或在“”中寻找)；正在链接对象，如同没有调试信息一样
libtiff.lib(tif_write.obj) : warning LNK4099: 未找到 PDB“”(使用“libtiff.lib(tif_write.obj)”或在“”中寻找)；正在链接对象，如同没有调试信息一样
libtiff.lib(tif_win32.obj) : warning LNK4099: 未找到 PDB“”(使用“libtiff.lib(tif_win32.obj)”或在“”中寻找)；正在链接对象，如同没有调试信息一样
libchipmunk.lib(chipmunk.obj) : warning LNK4099: 未找到 PDB“”(使用“libchipmunk.lib(chipmunk.obj)”或在“”中寻找)；正在链接对象，如同没有调试信息一样
libchipmunk.lib(cpArbiter.obj) : warning LNK4099: 未找到 PDB“”(使用“libchipmunk.lib(cpArbiter.obj)”或在“”中寻找)；正在链接对象，如同没有调试信息一样
libchipmunk.lib(cpArray.obj) : warning LNK4099: 未找到 PDB“”(使用“libchipmunk.lib(cpArray.obj)”或在“”中寻找)；正在链接对象，如同没有调试信息一样
libchipmunk.lib(cpBBTree.obj) : warning LNK4099: 未找到 PDB“”(使用“libchipmunk.lib(cpBBTree.obj)”或在“”中寻找)；正在链接对象，如同没有调试信息一样
libchipmunk.lib(cpBody.obj) : warning LNK4099: 未找到 PDB“”(使用“libchipmunk.lib(cpBody.obj)”或在“”中寻找)；正在链接对象，如同没有调试信息一样
libchipmunk.lib(cpCollision.obj) : warning LNK4099: 未找到 PDB“”(使用“libchipmunk.lib(cpCollision.obj)”或在“”中寻找)；正在链接对象，如同没有调试信息一样
libchipmunk.lib(cpConstraint.obj) : warning LNK4099: 未找到 PDB“”(使用“libchipmunk.lib(cpConstraint.obj)”或在“”中寻找)；正在链接对象，如同没有调试信息一样
libchipmunk.lib(cpDampedRotarySpring.obj) : warning LNK4099: 未找到 PDB“”(使用“libchipmunk.lib(cpDampedRotarySpring.obj)”或在“”中寻找)；正在链接对象，如同没有调试信息一样
libchipmunk.lib(cpDampedSpring.obj) : warning LNK4099: 未找到 PDB“”(使用“libchipmunk.lib(cpDampedSpring.obj)”或在“”中寻找)；正在链接对象，如同没有调试信息一样
libchipmunk.lib(cpGearJoint.obj) : warning LNK4099: 未找到 PDB“”(使用“libchipmunk.lib(cpGearJoint.obj)”或在“”中寻找)；正在链接对象，如同没有调试信息一样
libchipmunk.lib(cpGrooveJoint.obj) : warning LNK4099: 未找到 PDB“”(使用“libchipmunk.lib(cpGrooveJoint.obj)”或在“”中寻找)；正在链接对象，如同没有调试信息一样
libchipmunk.lib(cpHashSet.obj) : warning LNK4099: 未找到 PDB“”(使用“libchipmunk.lib(cpHashSet.obj)”或在“”中寻找)；正在链接对象，如同没有调试信息一样
libchipmunk.lib(cpPinJoint.obj) : warning LNK4099: 未找到 PDB“”(使用“libchipmunk.lib(cpPinJoint.obj)”或在“”中寻找)；正在链接对象，如同没有调试信息一样
libchipmunk.lib(cpPivotJoint.obj) : warning LNK4099: 未找到 PDB“”(使用“libchipmunk.lib(cpPivotJoint.obj)”或在“”中寻找)；正在链接对象，如同没有调试信息一样
libchipmunk.lib(cpPolyShape.obj) : warning LNK4099: 未找到 PDB“”(使用“libchipmunk.lib(cpPolyShape.obj)”或在“”中寻找)；正在链接对象，如同没有调试信息一样
libchipmunk.lib(cpRatchetJoint.obj) : warning LNK4099: 未找到 PDB“”(使用“libchipmunk.lib(cpRatchetJoint.obj)”或在“”中寻找)；正在链接对象，如同没有调试信息一样
libchipmunk.lib(cpRobust.obj) : warning LNK4099: 未找到 PDB“”(使用“libchipmunk.lib(cpRobust.obj)”或在“”中寻找)；正在链接对象，如同没有调试信息一样
libchipmunk.lib(cpRotaryLimitJoint.obj) : warning LNK4099: 未找到 PDB“”(使用“libchipmunk.lib(cpRotaryLimitJoint.obj)”或在“”中寻找)；正在链接对象，如同没有调试信息一样
libchipmunk.lib(cpShape.obj) : warning LNK4099: 未找到 PDB“”(使用“libchipmunk.lib(cpShape.obj)”或在“”中寻找)；正在链接对象，如同没有调试信息一样
libchipmunk.lib(cpSimpleMotor.obj) : warning LNK4099: 未找到 PDB“”(使用“libchipmunk.lib(cpSimpleMotor.obj)”或在“”中寻找)；正在链接对象，如同没有调试信息一样
libchipmunk.lib(cpSlideJoint.obj) : warning LNK4099: 未找到 PDB“”(使用“libchipmunk.lib(cpSlideJoint.obj)”或在“”中寻找)；正在链接对象，如同没有调试信息一样
libchipmunk.lib(cpSpace.obj) : warning LNK4099: 未找到 PDB“”(使用“libchipmunk.lib(cpSpace.obj)”或在“”中寻找)；正在链接对象，如同没有调试信息一样
libchipmunk.lib(cpSpaceComponent.obj) : warning LNK4099: 未找到 PDB“”(使用“libchipmunk.lib(cpSpaceComponent.obj)”或在“”中寻找)；正在链接对象，如同没有调试信息一样
libchipmunk.lib(cpSpaceDebug.obj) : warning LNK4099: 未找到 PDB“”(使用“libchipmunk.lib(cpSpaceDebug.obj)”或在“”中寻找)；正在链接对象，如同没有调试信息一样
libchipmunk.lib(cpSpaceHash.obj) : warning LNK4099: 未找到 PDB“”(使用“libchipmunk.lib(cpSpaceHash.obj)”或在“”中寻找)；正在链接对象，如同没有调试信息一样
libchipmunk.lib(cpSpaceQuery.obj) : warning LNK4099: 未找到 PDB“”(使用“libchipmunk.lib(cpSpaceQuery.obj)”或在“”中寻找)；正在链接对象，如同没有调试信息一样
libchipmunk.lib(cpSpaceStep.obj) : warning LNK4099: 未找到 PDB“”(使用“libchipmunk.lib(cpSpaceStep.obj)”或在“”中寻找)；正在链接对象，如同没有调试信息一样
libchipmunk.lib(cpSpatialIndex.obj) : warning LNK4099: 未找到 PDB“”(使用“libchipmunk.lib(cpSpatialIndex.obj)”或在“”中寻找)；正在链接对象，如同没有调试信息一样
libbullet.lib(btCollisionAlgorithm.obj) : warning LNK4099: 未找到 PDB“”(使用“libbullet.lib(btCollisionAlgorithm.obj)”或在“”中寻找)；正在链接对象，如同没有调试信息一样
libbullet.lib(btDbvt.obj) : warning LNK4099: 未找到 PDB“”(使用“libbullet.lib(btDbvt.obj)”或在“”中寻找)；正在链接对象，如同没有调试信息一样
libbullet.lib(btDbvtBroadphase.obj) : warning LNK4099: 未找到 PDB“”(使用“libbullet.lib(btDbvtBroadphase.obj)”或在“”中寻找)；正在链接对象，如同没有调试信息一样
libbullet.lib(btDispatcher.obj) : warning LNK4099: 未找到 PDB“”(使用“libbullet.lib(btDispatcher.obj)”或在“”中寻找)；正在链接对象，如同没有调试信息一样
libbullet.lib(btOverlappingPairCache.obj) : warning LNK4099: 未找到 PDB“”(使用“libbullet.lib(btOverlappingPairCache.obj)”或在“”中寻找)；正在链接对象，如同没有调试信息一样
libbullet.lib(btQuantizedBvh.obj) : warning LNK4099: 未找到 PDB“”(使用“libbullet.lib(btQuantizedBvh.obj)”或在“”中寻找)；正在链接对象，如同没有调试信息一样
libbullet.lib(btActivatingCollisionAlgorithm.obj) : warning LNK4099: 未找到 PDB“”(使用“libbullet.lib(btActivatingCollisionAlgorithm.obj)”或在“”中寻找)；正在链接对象，如同没有调试信息一样
libbullet.lib(btBoxBoxCollisionAlgorithm.obj) : warning LNK4099: 未找到 PDB“”(使用“libbullet.lib(btBoxBoxCollisionAlgorithm.obj)”或在“”中寻找)；正在链接对象，如同没有调试信息一样
libbullet.lib(btBoxBoxDetector.obj) : warning LNK4099: 未找到 PDB“”(使用“libbullet.lib(btBoxBoxDetector.obj)”或在“”中寻找)；正在链接对象，如同没有调试信息一样
libbullet.lib(btCollisionDispatcher.obj) : warning LNK4099: 未找到 PDB“”(使用“libbullet.lib(btCollisionDispatcher.obj)”或在“”中寻找)；正在链接对象，如同没有调试信息一样
libbullet.lib(btCollisionObject.obj) : warning LNK4099: 未找到 PDB“”(使用“libbullet.lib(btCollisionObject.obj)”或在“”中寻找)；正在链接对象，如同没有调试信息一样
libbullet.lib(btCollisionWorld.obj) : warning LNK4099: 未找到 PDB“”(使用“libbullet.lib(btCollisionWorld.obj)”或在“”中寻找)；正在链接对象，如同没有调试信息一样
libbullet.lib(btCompoundCollisionAlgorithm.obj) : warning LNK4099: 未找到 PDB“”(使用“libbullet.lib(btCompoundCollisionAlgorithm.obj)”或在“”中寻找)；正在链接对象，如同没有调试信息一样
libbullet.lib(btCompoundCompoundCollisionAlgorithm.obj) : warning LNK4099: 未找到 PDB“”(使用“libbullet.lib(btCompoundCompoundCollisionAlgorithm.obj)”或在“”中寻找)；正在链接对象，如同没有调试信息一样
libbullet.lib(btConvexConcaveCollisionAlgorithm.obj) : warning LNK4099: 未找到 PDB“”(使用“libbullet.lib(btConvexConcaveCollisionAlgorithm.obj)”或在“”中寻找)；正在链接对象，如同没有调试信息一样
libbullet.lib(btConvexConvexAlgorithm.obj) : warning LNK4099: 未找到 PDB“”(使用“libbullet.lib(btConvexConvexAlgorithm.obj)”或在“”中寻找)；正在链接对象，如同没有调试信息一样
libbullet.lib(btConvexPlaneCollisionAlgorithm.obj) : warning LNK4099: 未找到 PDB“”(使用“libbullet.lib(btConvexPlaneCollisionAlgorithm.obj)”或在“”中寻找)；正在链接对象，如同没有调试信息一样
libbullet.lib(btDefaultCollisionConfiguration.obj) : warning LNK4099: 未找到 PDB“”(使用“libbullet.lib(btDefaultCollisionConfiguration.obj)”或在“”中寻找)；正在链接对象，如同没有调试信息一样
libbullet.lib(btEmptyCollisionAlgorithm.obj) : warning LNK4099: 未找到 PDB“”(使用“libbullet.lib(btEmptyCollisionAlgorithm.obj)”或在“”中寻找)；正在链接对象，如同没有调试信息一样
libbullet.lib(btGhostObject.obj) : warning LNK4099: 未找到 PDB“”(使用“libbullet.lib(btGhostObject.obj)”或在“”中寻找)；正在链接对象，如同没有调试信息一样
libbullet.lib(btHashedSimplePairCache.obj) : warning LNK4099: 未找到 PDB“”(使用“libbullet.lib(btHashedSimplePairCache.obj)”或在“”中寻找)；正在链接对象，如同没有调试信息一样
libbullet.lib(btManifoldResult.obj) : warning LNK4099: 未找到 PDB“”(使用“libbullet.lib(btManifoldResult.obj)”或在“”中寻找)；正在链接对象，如同没有调试信息一样
libbullet.lib(btSimulationIslandManager.obj) : warning LNK4099: 未找到 PDB“”(使用“libbullet.lib(btSimulationIslandManager.obj)”或在“”中寻找)；正在链接对象，如同没有调试信息一样
libbullet.lib(btSphereSphereCollisionAlgorithm.obj) : warning LNK4099: 未找到 PDB“”(使用“libbullet.lib(btSphereSphereCollisionAlgorithm.obj)”或在“”中寻找)；正在链接对象，如同没有调试信息一样
libbullet.lib(btSphereTriangleCollisionAlgorithm.obj) : warning LNK4099: 未找到 PDB“”(使用“libbullet.lib(btSphereTriangleCollisionAlgorithm.obj)”或在“”中寻找)；正在链接对象，如同没有调试信息一样
libbullet.lib(btUnionFind.obj) : warning LNK4099: 未找到 PDB“”(使用“libbullet.lib(btUnionFind.obj)”或在“”中寻找)；正在链接对象，如同没有调试信息一样
libbullet.lib(SphereTriangleDetector.obj) : warning LNK4099: 未找到 PDB“”(使用“libbullet.lib(SphereTriangleDetector.obj)”或在“”中寻找)；正在链接对象，如同没有调试信息一样
libbullet.lib(btBoxShape.obj) : warning LNK4099: 未找到 PDB“”(使用“libbullet.lib(btBoxShape.obj)”或在“”中寻找)；正在链接对象，如同没有调试信息一样
libbullet.lib(btBvhTriangleMeshShape.obj) : warning LNK4099: 未找到 PDB“”(使用“libbullet.lib(btBvhTriangleMeshShape.obj)”或在“”中寻找)；正在链接对象，如同没有调试信息一样
libbullet.lib(btCapsuleShape.obj) : warning LNK4099: 未找到 PDB“”(使用“libbullet.lib(btCapsuleShape.obj)”或在“”中寻找)；正在链接对象，如同没有调试信息一样
libbullet.lib(btCollisionShape.obj) : warning LNK4099: 未找到 PDB“”(使用“libbullet.lib(btCollisionShape.obj)”或在“”中寻找)；正在链接对象，如同没有调试信息一样
libbullet.lib(btCompoundShape.obj) : warning LNK4099: 未找到 PDB“”(使用“libbullet.lib(btCompoundShape.obj)”或在“”中寻找)；正在链接对象，如同没有调试信息一样
libbullet.lib(btConcaveShape.obj) : warning LNK4099: 未找到 PDB“”(使用“libbullet.lib(btConcaveShape.obj)”或在“”中寻找)；正在链接对象，如同没有调试信息一样
libbullet.lib(btConvexHullShape.obj) : warning LNK4099: 未找到 PDB“”(使用“libbullet.lib(btConvexHullShape.obj)”或在“”中寻找)；正在链接对象，如同没有调试信息一样
libbullet.lib(btConvexInternalShape.obj) : warning LNK4099: 未找到 PDB“”(使用“libbullet.lib(btConvexInternalShape.obj)”或在“”中寻找)；正在链接对象，如同没有调试信息一样
libbullet.lib(btConvexPolyhedron.obj) : warning LNK4099: 未找到 PDB“”(使用“libbullet.lib(btConvexPolyhedron.obj)”或在“”中寻找)；正在链接对象，如同没有调试信息一样
libbullet.lib(btConvexShape.obj) : warning LNK4099: 未找到 PDB“”(使用“libbullet.lib(btConvexShape.obj)”或在“”中寻找)；正在链接对象，如同没有调试信息一样
libbullet.lib(btCylinderShape.obj) : warning LNK4099: 未找到 PDB“”(使用“libbullet.lib(btCylinderShape.obj)”或在“”中寻找)；正在链接对象，如同没有调试信息一样
libbullet.lib(btHeightfieldTerrainShape.obj) : warning LNK4099: 未找到 PDB“”(使用“libbullet.lib(btHeightfieldTerrainShape.obj)”或在“”中寻找)；正在链接对象，如同没有调试信息一样
libbullet.lib(btOptimizedBvh.obj) : warning LNK4099: 未找到 PDB“”(使用“libbullet.lib(btOptimizedBvh.obj)”或在“”中寻找)；正在链接对象，如同没有调试信息一样
libbullet.lib(btPolyhedralConvexShape.obj) : warning LNK4099: 未找到 PDB“”(使用“libbullet.lib(btPolyhedralConvexShape.obj)”或在“”中寻找)；正在链接对象，如同没有调试信息一样
libbullet.lib(btSphereShape.obj) : warning LNK4099: 未找到 PDB“”(使用“libbullet.lib(btSphereShape.obj)”或在“”中寻找)；正在链接对象，如同没有调试信息一样
libbullet.lib(btStridingMeshInterface.obj) : warning LNK4099: 未找到 PDB“”(使用“libbullet.lib(btStridingMeshInterface.obj)”或在“”中寻找)；正在链接对象，如同没有调试信息一样
libbullet.lib(btTriangleCallback.obj) : warning LNK4099: 未找到 PDB“”(使用“libbullet.lib(btTriangleCallback.obj)”或在“”中寻找)；正在链接对象，如同没有调试信息一样
libbullet.lib(btTriangleIndexVertexArray.obj) : warning LNK4099: 未找到 PDB“”(使用“libbullet.lib(btTriangleIndexVertexArray.obj)”或在“”中寻找)；正在链接对象，如同没有调试信息一样
libbullet.lib(btTriangleMesh.obj) : warning LNK4099: 未找到 PDB“”(使用“libbullet.lib(btTriangleMesh.obj)”或在“”中寻找)；正在链接对象，如同没有调试信息一样
libbullet.lib(btTriangleMeshShape.obj) : warning LNK4099: 未找到 PDB“”(使用“libbullet.lib(btTriangleMeshShape.obj)”或在“”中寻找)；正在链接对象，如同没有调试信息一样
libbullet.lib(btContinuousConvexCollision.obj) : warning LNK4099: 未找到 PDB“”(使用“libbullet.lib(btContinuousConvexCollision.obj)”或在“”中寻找)；正在链接对象，如同没有调试信息一样
libbullet.lib(btConvexCast.obj) : warning LNK4099: 未找到 PDB“”(使用“libbullet.lib(btConvexCast.obj)”或在“”中寻找)；正在链接对象，如同没有调试信息一样
libbullet.lib(btGjkConvexCast.obj) : warning LNK4099: 未找到 PDB“”(使用“libbullet.lib(btGjkConvexCast.obj)”或在“”中寻找)；正在链接对象，如同没有调试信息一样
libbullet.lib(btGjkEpa2.obj) : warning LNK4099: 未找到 PDB“”(使用“libbullet.lib(btGjkEpa2.obj)”或在“”中寻找)；正在链接对象，如同没有调试信息一样
libbullet.lib(btGjkEpaPenetrationDepthSolver.obj) : warning LNK4099: 未找到 PDB“”(使用“libbullet.lib(btGjkEpaPenetrationDepthSolver.obj)”或在“”中寻找)；正在链接对象，如同没有调试信息一样
libbullet.lib(btGjkPairDetector.obj) : warning LNK4099: 未找到 PDB“”(使用“libbullet.lib(btGjkPairDetector.obj)”或在“”中寻找)；正在链接对象，如同没有调试信息一样
libbullet.lib(btMinkowskiPenetrationDepthSolver.obj) : warning LNK4099: 未找到 PDB“”(使用“libbullet.lib(btMinkowskiPenetrationDepthSolver.obj)”或在“”中寻找)；正在链接对象，如同没有调试信息一样
libbullet.lib(btPersistentManifold.obj) : warning LNK4099: 未找到 PDB“”(使用“libbullet.lib(btPersistentManifold.obj)”或在“”中寻找)；正在链接对象，如同没有调试信息一样
libbullet.lib(btPolyhedralContactClipping.obj) : warning LNK4099: 未找到 PDB“”(使用“libbullet.lib(btPolyhedralContactClipping.obj)”或在“”中寻找)；正在链接对象，如同没有调试信息一样
libbullet.lib(btRaycastCallback.obj) : warning LNK4099: 未找到 PDB“”(使用“libbullet.lib(btRaycastCallback.obj)”或在“”中寻找)；正在链接对象，如同没有调试信息一样
libbullet.lib(btSubSimplexConvexCast.obj) : warning LNK4099: 未找到 PDB“”(使用“libbullet.lib(btSubSimplexConvexCast.obj)”或在“”中寻找)；正在链接对象，如同没有调试信息一样
libbullet.lib(btVoronoiSimplexSolver.obj) : warning LNK4099: 未找到 PDB“”(使用“libbullet.lib(btVoronoiSimplexSolver.obj)”或在“”中寻找)；正在链接对象，如同没有调试信息一样
libbullet.lib(btConeTwistConstraint.obj) : warning LNK4099: 未找到 PDB“”(使用“libbullet.lib(btConeTwistConstraint.obj)”或在“”中寻找)；正在链接对象，如同没有调试信息一样
libbullet.lib(btGeneric6DofConstraint.obj) : warning LNK4099: 未找到 PDB“”(使用“libbullet.lib(btGeneric6DofConstraint.obj)”或在“”中寻找)；正在链接对象，如同没有调试信息一样
libbullet.lib(btHingeConstraint.obj) : warning LNK4099: 未找到 PDB“”(使用“libbullet.lib(btHingeConstraint.obj)”或在“”中寻找)；正在链接对象，如同没有调试信息一样
libbullet.lib(btPoint2PointConstraint.obj) : warning LNK4099: 未找到 PDB“”(使用“libbullet.lib(btPoint2PointConstraint.obj)”或在“”中寻找)；正在链接对象，如同没有调试信息一样
libbullet.lib(btSequentialImpulseConstraintSolver.obj) : warning LNK4099: 未找到 PDB“”(使用“libbullet.lib(btSequentialImpulseConstraintSolver.obj)”或在“”中寻找)；正在链接对象，如同没有调试信息一样
libbullet.lib(btSliderConstraint.obj) : warning LNK4099: 未找到 PDB“”(使用“libbullet.lib(btSliderConstraint.obj)”或在“”中寻找)；正在链接对象，如同没有调试信息一样
libbullet.lib(btTypedConstraint.obj) : warning LNK4099: 未找到 PDB“”(使用“libbullet.lib(btTypedConstraint.obj)”或在“”中寻找)；正在链接对象，如同没有调试信息一样
libbullet.lib(btDiscreteDynamicsWorld.obj) : warning LNK4099: 未找到 PDB“”(使用“libbullet.lib(btDiscreteDynamicsWorld.obj)”或在“”中寻找)；正在链接对象，如同没有调试信息一样
libbullet.lib(btRigidBody.obj) : warning LNK4099: 未找到 PDB“”(使用“libbullet.lib(btRigidBody.obj)”或在“”中寻找)；正在链接对象，如同没有调试信息一样
libbullet.lib(btAlignedAllocator.obj) : warning LNK4099: 未找到 PDB“”(使用“libbullet.lib(btAlignedAllocator.obj)”或在“”中寻找)；正在链接对象，如同没有调试信息一样
libbullet.lib(btConvexHullComputer.obj) : warning LNK4099: 未找到 PDB“”(使用“libbullet.lib(btConvexHullComputer.obj)”或在“”中寻找)；正在链接对象，如同没有调试信息一样
libbullet.lib(btGeometryUtil.obj) : warning LNK4099: 未找到 PDB“”(使用“libbullet.lib(btGeometryUtil.obj)”或在“”中寻找)；正在链接对象，如同没有调试信息一样
libbullet.lib(btQuickprof.obj) : warning LNK4099: 未找到 PDB“”(使用“libbullet.lib(btQuickprof.obj)”或在“”中寻找)；正在链接对象，如同没有调试信息一样
libbullet.lib(btVector3.obj) : warning LNK4099: 未找到 PDB“”(使用“libbullet.lib(btVector3.obj)”或在“”中寻找)；正在链接对象，如同没有调试信息一样
librecast.lib(fastlz.obj) : warning LNK4204: “”缺少引用模块的调试信息；正在链接对象，如同没有调试信息一样
  libcocos2d.vcxproj -> D:\My_Projects\Teamfight_Tactics\proj.win32\Debug.win32\libcocos2d.dll
